
CondaError: Run 'conda init' before 'conda activate'

[33mNextflow 24.10.0 is available - Please consider updating your version to it(B[m

 N E X T F L O W   ~  version 24.04.4

WARNING: Could not load nf-core/config/pacvar profiles: https://raw.githubusercontent.com/nf-core/configs/master/pipeline/pacvar.config
Launching `main.nf` [disturbed_hopper] DSL2 - revision: 2909e1d900

main Fasta parameter: s3://ngi-igenomes/igenomes//Homo_sapiens/GATK/GRCh38/Sequence/WholeGenomeFasta/Homo_sapiens_assembly38.fasta
main genome name: GATK.GRCh38
WARN: Access to undefined parameter `monochromeLogs` -- Initialise it to a default value eg. `params.monochromeLogs = some_value`


------------------------------------------------------
                                        ,--./,-.
        ___     __   __   __   ___     /,-._.--~'
  |\ | |__  __ /  ` /  \ |__) |__         }  {
  | \| |       \__, \__/ |  \ |___     \`-._,-`-,
                                        `._,._,'
  nf-core/pacvar v1.0dev
------------------------------------------------------
Core Nextflow options
  runName                   : disturbed_hopper
  containerEngine           : singularity
  launchDir                 : /global/home/users/tanyasjain/pacvar
  workDir                   : /global/home/users/tanyasjain/pacvar/work
  projectDir                : /global/home/users/tanyasjain/pacvar
  userName                  : tanyasjain
  profile                   : test,singularity
  configFiles               : 

Input/output options
  input                     : https://raw.githubusercontent.com/nf-core/test-datasets/refs/heads/pacvar/pacbio_data/samplesheet_longread_puretarget.csv
  outdir                    : out
  barcodes                  : https://raw.githubusercontent.com/nf-core/test-datasets/refs/heads/pacvar/pacbio_data/barcodes_D01.fasta

Reference genome options
  genome                    : GATK.GRCh38
  fasta                     : s3://ngi-igenomes/igenomes//Homo_sapiens/GATK/GRCh38/Sequence/WholeGenomeFasta/Homo_sapiens_assembly38.fasta

Institutional config options
  config_profile_name       : Test profile
  config_profile_description: Minimal test dataset to check pipeline function

Max job request options
  max_cpus                  : 2
  max_memory                : 24.GB
  max_time                  : 6.h

!! Only displaying parameters that differ from the pipeline defaults !!
------------------------------------------------------
If you use nf-core/pacvar for your analysis please cite:

* The pipeline

* The nf-core framework
  https://doi.org/10.1038/s41587-020-0439-x

* Software dependencies
  https://github.com/nf-core/pacvar/blob/master/CITATIONS.md
------------------------------------------------------
WARN: The following invalid input values have been detected:

* --tools: deepvariant
* --fasta_fai: s3://ngi-igenomes/igenomes//Homo_sapiens/GATK/GRCh38/Sequence/WholeGenomeFasta/Homo_sapiens_assembly38.fasta.fai
* --dbsnp: s3://ngi-igenomes/igenomes//Homo_sapiens/GATK/GRCh38/Annotation/GATKBundle/dbsnp_146.hg38.vcf.gz
* --dbsnp_tbi: s3://ngi-igenomes/igenomes//Homo_sapiens/GATK/GRCh38/Annotation/GATKBundle/dbsnp_146.hg38.vcf.gz.tbi
* --dict: s3://ngi-igenomes/igenomes//Homo_sapiens/GATK/GRCh38/Sequence/WholeGenomeFasta/Homo_sapiens_assembly38.dict


[-        ] NFCORE_PACVAR:PACVAR:LIMA      -
[-        ] NFCORE_PACVAR:PACVAR:PBMM2     -
[-        ] NFC…ACVAR:PACVAR:SAMTOOLS_SORT -
[-        ] NFC…CVAR:PACVAR:SAMTOOLS_INDEX -

[-        ] NFCORE_PACVAR:PACVAR:LIMA      -
[-        ] NFCORE_PACVAR:PACVAR:PBMM2     -
[-        ] NFC…ACVAR:PACVAR:SAMTOOLS_SORT -
[-        ] NFC…CVAR:PACVAR:SAMTOOLS_INDEX -
[-        ] NFC…DEEPVARIANT_RUNDEEPVARIANT -
[-        ] NFCORE_PACVAR:PACVAR:MULTIQC   -
[]
0

executor >  local (1)
[3e/233058] NFC…CVAR:PACVAR:LIMA (sample1) | 2 of 2, cached: 2
[-        ] NFCORE_PACVAR:PACVAR:PBMM2     -
[-        ] NFC…ACVAR:PACVAR:SAMTOOLS_SORT -
[-        ] NFC…CVAR:PACVAR:SAMTOOLS_INDEX -
[-        ] NFC…DEEPVARIANT_RUNDEEPVARIANT -
[7b/a22680] NFCORE_PACVAR:PACVAR:MULTIQC   | 0 of 1
[]
0

executor >  local (1)
[3e/233058] NFC…CVAR:PACVAR:LIMA (sample1) | 2 of 2, cached: 2 ✔
[-        ] NFCORE_PACVAR:PACVAR:PBMM2     -
[-        ] NFC…ACVAR:PACVAR:SAMTOOLS_SORT -
[-        ] NFC…CVAR:PACVAR:SAMTOOLS_INDEX -
[-        ] NFC…DEEPVARIANT_RUNDEEPVARIANT -
[7b/a22680] NFCORE_PACVAR:PACVAR:MULTIQC   | 0 of 1
[]
0
[[id:sample2.bc2026--bc2026], /global/home/users/tanyasjain/pacvar/work/f6/489f40a23f394216582ebe671662da/sample2.bc2026--bc2026.bam]
[[id:sample2.bc2058--bc2058], /global/home/users/tanyasjain/pacvar/work/f6/489f40a23f394216582ebe671662da/sample2.bc2058--bc2058.bam]
[[id:sample1.bc2026--bc2026], /global/home/users/tanyasjain/pacvar/work/3e/2330585f07f1cc51e3f0d926aa44eb/sample1.bc2026--bc2026.bam]
[[id:sample1.bc2058--bc2058], /global/home/users/tanyasjain/pacvar/work/3e/2330585f07f1cc51e3f0d926aa44eb/sample1.bc2058--bc2058.bam]

executor >  local (1)
[3e/233058] NFC…CVAR:PACVAR:LIMA (sample1) | 2 of 2, cached: 2 ✔
[-        ] NFCORE_PACVAR:PACVAR:PBMM2     -
[-        ] NFC…ACVAR:PACVAR:SAMTOOLS_SORT -
[-        ] NFC…CVAR:PACVAR:SAMTOOLS_INDEX -
[-        ] NFC…DEEPVARIANT_RUNDEEPVARIANT -
[7b/a22680] NFCORE_PACVAR:PACVAR:MULTIQC   | 0 of 1
[]
0
[[id:sample2.bc2026--bc2026], /global/home/users/tanyasjain/pacvar/work/f6/489f40a23f394216582ebe671662da/sample2.bc2026--bc2026.bam]
[[id:sample2.bc2058--bc2058], /global/home/users/tanyasjain/pacvar/work/f6/489f40a23f394216582ebe671662da/sample2.bc2058--bc2058.bam]
[[id:sample1.bc2026--bc2026], /global/home/users/tanyasjain/pacvar/work/3e/2330585f07f1cc51e3f0d926aa44eb/sample1.bc2026--bc2026.bam]
[[id:sample1.bc2058--bc2058], /global/home/users/tanyasjain/pacvar/work/3e/2330585f07f1cc51e3f0d926aa44eb/sample1.bc2058--bc2058.bam]
Dict item!!: [[id:Homo_sapiens_assembly38], /ngi-igenomes/igenomes/Homo_sapiens/GATK/GRCh38/Sequence/WholeGenomeFasta/Homo_sapiens_assembly38.dict]
fasta item!!: [[id:Homo_sapiens_assembly38], /ngi-igenomes/igenomes/Homo_sapiens/GATK/GRCh38/Sequence/WholeGenomeFasta/Homo_sapiens_assembly38.fasta]

executor >  local (1)
[3e/233058] NFC…CVAR:PACVAR:LIMA (sample1) | 2 of 2, cached: 2 ✔
[49/170eb2] NFC…2 (sample2.bc2058--bc2058) | 4 of 4, cached: 4 ✔
[-        ] NFC…ACVAR:PACVAR:SAMTOOLS_SORT -
[-        ] NFC…CVAR:PACVAR:SAMTOOLS_INDEX -
[-        ] NFC…DEEPVARIANT_RUNDEEPVARIANT -
[7b/a22680] NFCORE_PACVAR:PACVAR:MULTIQC   | 0 of 1
[]
0
[[id:sample2.bc2026--bc2026], /global/home/users/tanyasjain/pacvar/work/f6/489f40a23f394216582ebe671662da/sample2.bc2026--bc2026.bam]
[[id:sample2.bc2058--bc2058], /global/home/users/tanyasjain/pacvar/work/f6/489f40a23f394216582ebe671662da/sample2.bc2058--bc2058.bam]
[[id:sample1.bc2026--bc2026], /global/home/users/tanyasjain/pacvar/work/3e/2330585f07f1cc51e3f0d926aa44eb/sample1.bc2026--bc2026.bam]
[[id:sample1.bc2058--bc2058], /global/home/users/tanyasjain/pacvar/work/3e/2330585f07f1cc51e3f0d926aa44eb/sample1.bc2058--bc2058.bam]
Dict item!!: [[id:Homo_sapiens_assembly38], /ngi-igenomes/igenomes/Homo_sapiens/GATK/GRCh38/Sequence/WholeGenomeFasta/Homo_sapiens_assembly38.dict]
fasta item!!: [[id:Homo_sapiens_assembly38], /ngi-igenomes/igenomes/Homo_sapiens/GATK/GRCh38/Sequence/WholeGenomeFasta/Homo_sapiens_assembly38.fasta]

executor >  local (1)
[3e/233058] NFC…CVAR:PACVAR:LIMA (sample1) | 2 of 2, cached: 2 ✔
[49/170eb2] NFC…2 (sample2.bc2058--bc2058) | 4 of 4, cached: 4 ✔
[51/69f0a6] NFC…T (sample2.bc2026--bc2026) | 4 of 4, cached: 4 ✔
[56/7c2608] NFC…X (sample1.bc2058--bc2058) | 4 of 4, cached: 4 ✔
[-        ] NFC…DEEPVARIANT_RUNDEEPVARIANT -
[7b/a22680] NFCORE_PACVAR:PACVAR:MULTIQC   | 1 of 1 ✔
[]
0
[[id:sample2.bc2026--bc2026], /global/home/users/tanyasjain/pacvar/work/f6/489f40a23f394216582ebe671662da/sample2.bc2026--bc2026.bam]
[[id:sample2.bc2058--bc2058], /global/home/users/tanyasjain/pacvar/work/f6/489f40a23f394216582ebe671662da/sample2.bc2058--bc2058.bam]
[[id:sample1.bc2026--bc2026], /global/home/users/tanyasjain/pacvar/work/3e/2330585f07f1cc51e3f0d926aa44eb/sample1.bc2026--bc2026.bam]
[[id:sample1.bc2058--bc2058], /global/home/users/tanyasjain/pacvar/work/3e/2330585f07f1cc51e3f0d926aa44eb/sample1.bc2058--bc2058.bam]
Dict item!!: [[id:Homo_sapiens_assembly38], /ngi-igenomes/igenomes/Homo_sapiens/GATK/GRCh38/Sequence/WholeGenomeFasta/Homo_sapiens_assembly38.dict]
fasta item!!: [[id:Homo_sapiens_assembly38], /ngi-igenomes/igenomes/Homo_sapiens/GATK/GRCh38/Sequence/WholeGenomeFasta/Homo_sapiens_assembly38.fasta]
[[id:sample2.bc2058--bc2058], /global/home/users/tanyasjain/pacvar/work/7f/78b9b54cd9c2f775277449f3257fec/sample2.bc2058--bc2058.bam_aligned.bam_sorted.bam, /global/home/users/tanyasjain/pacvar/work/a2/8f1bc07c034a430c72b18183de5239/sample2.bc2058--bc2058.bam_aligned.bam_sorted.bam.bai]
[[id:sample2.bc2058--bc2058], /global/home/users/tanyasjain/pacvar/work/7f/78b9b54cd9c2f775277449f3257fec/sample2.bc2058--bc2058.bam_aligned.bam_sorted.bam, /global/home/users/tanyasjain/pacvar/work/a2/8f1bc07c034a430c72b18183de5239/sample2.bc2058--bc2058.bam_aligned.bam_sorted.bam.bai, []]
[[id:sample2.bc2026--bc2026], /global/home/users/tanyasjain/pacvar/work/51/69f0a69eec7edec4ef71835b611ac7/sample2.bc2026--bc2026.bam_aligned.bam_sorted.bam, /global/home/users/tanyasjain/pacvar/work/9e/f68480adc16643e22ea3ead682ac51/sample2.bc2026--bc2026.bam_aligned.bam_sorted.bam.bai]
[[id:sample2.bc2026--bc2026], /global/home/users/tanyasjain/pacvar/work/51/69f0a69eec7edec4ef71835b611ac7/sample2.bc2026--bc2026.bam_aligned.bam_sorted.bam, /global/home/users/tanyasjain/pacvar/work/9e/f68480adc16643e22ea3ead682ac51/sample2.bc2026--bc2026.bam_aligned.bam_sorted.bam.bai, []]
[[id:sample1.bc2026--bc2026], /global/home/users/tanyasjain/pacvar/work/87/73d70a1538689d7557c441e8b32ad2/sample1.bc2026--bc2026.bam_aligned.bam_sorted.bam, /global/home/users/tanyasjain/pacvar/work/dd/19180a1f45101bda754cf41addbb41/sample1.bc2026--bc2026.bam_aligned.bam_sorted.bam.bai]
[[id:sample1.bc2026--bc2026], /global/home/users/tanyasjain/pacvar/work/87/73d70a1538689d7557c441e8b32ad2/sample1.bc2026--bc2026.bam_aligned.bam_sorted.bam, /global/home/users/tanyasjain/pacvar/work/dd/19180a1f45101bda754cf41addbb41/sample1.bc2026--bc2026.bam_aligned.bam_sorted.bam.bai, []]
[[id:sample1.bc2058--bc2058], /global/home/users/tanyasjain/pacvar/work/aa/85a142bee839aa5cdc105fdda8c404/sample1.bc2058--bc2058.bam_aligned.bam_sorted.bam, /global/home/users/tanyasjain/pacvar/work/56/7c2608f149acd17041834e0438cc8c/sample1.bc2058--bc2058.bam_aligned.bam_sorted.bam.bai]
[[id:sample1.bc2058--bc2058], /global/home/users/tanyasjain/pacvar/work/aa/85a142bee839aa5cdc105fdda8c404/sample1.bc2058--bc2058.bam_aligned.bam_sorted.bam, /global/home/users/tanyasjain/pacvar/work/56/7c2608f149acd17041834e0438cc8c/sample1.bc2058--bc2058.bam_aligned.bam_sorted.bam.bai, []]

executor >  local (3)
[3e/233058] NFC…CVAR:PACVAR:LIMA (sample1) | 2 of 2, cached: 2 ✔
[49/170eb2] NFC…2 (sample2.bc2058--bc2058) | 4 of 4, cached: 4 ✔
[51/69f0a6] NFC…T (sample2.bc2026--bc2026) | 4 of 4, cached: 4 ✔
[56/7c2608] NFC…X (sample1.bc2058--bc2058) | 4 of 4, cached: 4 ✔
[bd/ba15d6] NFC…T (sample1.bc2026--bc2026) | 0 of 4
[7b/a22680] NFCORE_PACVAR:PACVAR:MULTIQC   | 1 of 1 ✔
[]
0
[[id:sample2.bc2026--bc2026], /global/home/users/tanyasjain/pacvar/work/f6/489f40a23f394216582ebe671662da/sample2.bc2026--bc2026.bam]
[[id:sample2.bc2058--bc2058], /global/home/users/tanyasjain/pacvar/work/f6/489f40a23f394216582ebe671662da/sample2.bc2058--bc2058.bam]
[[id:sample1.bc2026--bc2026], /global/home/users/tanyasjain/pacvar/work/3e/2330585f07f1cc51e3f0d926aa44eb/sample1.bc2026--bc2026.bam]
[[id:sample1.bc2058--bc2058], /global/home/users/tanyasjain/pacvar/work/3e/2330585f07f1cc51e3f0d926aa44eb/sample1.bc2058--bc2058.bam]
Dict item!!: [[id:Homo_sapiens_assembly38], /ngi-igenomes/igenomes/Homo_sapiens/GATK/GRCh38/Sequence/WholeGenomeFasta/Homo_sapiens_assembly38.dict]
fasta item!!: [[id:Homo_sapiens_assembly38], /ngi-igenomes/igenomes/Homo_sapiens/GATK/GRCh38/Sequence/WholeGenomeFasta/Homo_sapiens_assembly38.fasta]
[[id:sample2.bc2058--bc2058], /global/home/users/tanyasjain/pacvar/work/7f/78b9b54cd9c2f775277449f3257fec/sample2.bc2058--bc2058.bam_aligned.bam_sorted.bam, /global/home/users/tanyasjain/pacvar/work/a2/8f1bc07c034a430c72b18183de5239/sample2.bc2058--bc2058.bam_aligned.bam_sorted.bam.bai]
[[id:sample2.bc2058--bc2058], /global/home/users/tanyasjain/pacvar/work/7f/78b9b54cd9c2f775277449f3257fec/sample2.bc2058--bc2058.bam_aligned.bam_sorted.bam, /global/home/users/tanyasjain/pacvar/work/a2/8f1bc07c034a430c72b18183de5239/sample2.bc2058--bc2058.bam_aligned.bam_sorted.bam.bai, []]
[[id:sample2.bc2026--bc2026], /global/home/users/tanyasjain/pacvar/work/51/69f0a69eec7edec4ef71835b611ac7/sample2.bc2026--bc2026.bam_aligned.bam_sorted.bam, /global/home/users/tanyasjain/pacvar/work/9e/f68480adc16643e22ea3ead682ac51/sample2.bc2026--bc2026.bam_aligned.bam_sorted.bam.bai]
[[id:sample2.bc2026--bc2026], /global/home/users/tanyasjain/pacvar/work/51/69f0a69eec7edec4ef71835b611ac7/sample2.bc2026--bc2026.bam_aligned.bam_sorted.bam, /global/home/users/tanyasjain/pacvar/work/9e/f68480adc16643e22ea3ead682ac51/sample2.bc2026--bc2026.bam_aligned.bam_sorted.bam.bai, []]
[[id:sample1.bc2026--bc2026], /global/home/users/tanyasjain/pacvar/work/87/73d70a1538689d7557c441e8b32ad2/sample1.bc2026--bc2026.bam_aligned.bam_sorted.bam, /global/home/users/tanyasjain/pacvar/work/dd/19180a1f45101bda754cf41addbb41/sample1.bc2026--bc2026.bam_aligned.bam_sorted.bam.bai]
[[id:sample1.bc2026--bc2026], /global/home/users/tanyasjain/pacvar/work/87/73d70a1538689d7557c441e8b32ad2/sample1.bc2026--bc2026.bam_aligned.bam_sorted.bam, /global/home/users/tanyasjain/pacvar/work/dd/19180a1f45101bda754cf41addbb41/sample1.bc2026--bc2026.bam_aligned.bam_sorted.bam.bai, []]
[[id:sample1.bc2058--bc2058], /global/home/users/tanyasjain/pacvar/work/aa/85a142bee839aa5cdc105fdda8c404/sample1.bc2058--bc2058.bam_aligned.bam_sorted.bam, /global/home/users/tanyasjain/pacvar/work/56/7c2608f149acd17041834e0438cc8c/sample1.bc2058--bc2058.bam_aligned.bam_sorted.bam.bai]
[[id:sample1.bc2058--bc2058], /global/home/users/tanyasjain/pacvar/work/aa/85a142bee839aa5cdc105fdda8c404/sample1.bc2058--bc2058.bam_aligned.bam_sorted.bam, /global/home/users/tanyasjain/pacvar/work/56/7c2608f149acd17041834e0438cc8c/sample1.bc2058--bc2058.bam_aligned.bam_sorted.bam.bai, []]
slurmstepd: error: *** JOB 22017942 ON n0292.savio2 CANCELLED AT 2024-10-30T15:50:00 DUE TO TIME LIMIT ***
