[2024-09-25 16:30:45,927] multiqc                                            [DEBUG  ]  This is MultiQC v1.21
[2024-09-25 16:30:45,947] multiqc                                            [DEBUG  ]  Loading config settings from: multiqc_config.yml
[2024-09-25 16:30:45,947] multiqc                                            [DEBUG  ]  New config: {'report_comment': 'This report has been generated by the <a href="https://github.com/nf-core/pacvar/tree/dev" target="_blank">nf-core/pacvar</a> analysis pipeline. For information about how to interpret these results, please see the <a href="https://nf-co.re/pacvar/dev/docs/output" target="_blank">documentation</a>.\n', 'report_section_order': {'nf-core-pacvar-methods-description': {'order': -1000}, 'software_versions': {'order': -1001}, 'nf-core-pacvar-summary': {'order': -1002}}, 'export_plots': True, 'disable_version_detection': True}
[2024-09-25 16:30:45,986] multiqc                                            [DEBUG  ]  Loading config settings from: multiqc_config.yml
[2024-09-25 16:30:45,986] multiqc                                            [DEBUG  ]  New config: {'report_comment': 'This report has been generated by the <a href="https://github.com/nf-core/pacvar/tree/dev" target="_blank">nf-core/pacvar</a> analysis pipeline. For information about how to interpret these results, please see the <a href="https://nf-co.re/pacvar/dev/docs/output" target="_blank">documentation</a>.\n', 'report_section_order': {'nf-core-pacvar-methods-description': {'order': -1000}, 'software_versions': {'order': -1001}, 'nf-core-pacvar-summary': {'order': -1002}}, 'export_plots': True, 'disable_version_detection': True}
[2024-09-25 16:30:45,986] multiqc                                            [DEBUG  ]  Command used: /usr/local/bin/multiqc --force --config multiqc_config.yml .
[2024-09-25 16:30:45,992] multiqc                                            [DEBUG  ]  Could not connect to multiqc.info for version check: HTTPSConnectionPool(host='api.multiqc.info', port=443): Max retries exceeded with url: /version?version_multiqc=1.21&version_python=3.11.8&operating_system=Linux&is_docker=False&is_singularity=True&is_conda=True&is_ci=False (Caused by NameResolutionError("<urllib3.connection.HTTPSConnection object at 0x7f54fe43c890>: Failed to resolve 'api.multiqc.info' ([Errno -3] Temporary failure in name resolution)"))
[2024-09-25 16:30:45,992] multiqc                                            [DEBUG  ]  Working dir : /wynton/group/clelland/pacvar/nf-core-pacvar/work/62/8eabdd0400523f6b4a0a63168d65bd
[2024-09-25 16:30:45,993] multiqc                                            [DEBUG  ]  Template    : default
[2024-09-25 16:30:45,993] multiqc                                            [DEBUG  ]  Running Python 3.11.8 | packaged by conda-forge | (main, Feb 16 2024, 20:53:32) [GCC 12.3.0]
[2024-09-25 16:30:45,993] multiqc                                            [DEBUG  ]  Analysing modules: custom_content, ccs, ngsderive, purple, conpair, isoseq, lima, peddy, somalier, methylqa, mosdepth, phantompeakqualtools, qualimap, bamdst, preseq, hifiasm, quast, qorts, rna_seqc, rockhopper, rsem, rseqc, busco, bustools, goleft_indexcov, gffcompare, disambiguate, supernova, deeptools, sargasso, verifybamid, mirtrace, happy, mirtop, sambamba, gopeaks, homer, hops, macs2, theta2, snpeff, gatk, htseq, bcftools, featureCounts, fgbio, dragen, dragen_fastqc, dedup, pbmarkdup, damageprofiler, mapdamage, biobambam2, jcvi, mtnucratio, picard, vep, bakta, prokka, qc3C, nanostat, samblaster, samtools, sexdeterrmine, seqera_cli, eigenstratdatabasetools, bamtools, jellyfish, vcftools, longranger, stacks, varscan2, snippy, umitools, truvari, megahit, bbmap, bismark, biscuit, diamond, hicexplorer, hicup, hicpro, salmon, kallisto, slamdunk, star, hisat2, tophat, bowtie2, bowtie1, cellranger, snpsplit, odgi, pangolin, nextclade, freyja, humid, kat, leehom, librarian, nonpareil, adapterRemoval, bbduk, clipandmerge, cutadapt, flexbar, sourmash, kaiju, bracken, kraken, malt, motus, trimmomatic, sickle, skewer, sortmerna, biobloomtools, fastq_screen, afterqc, fastp, fastqc, filtlong, prinseqplusplus, pychopper, porechop, pycoqc, minionqc, anglerfish, multivcfanalyzer, clusterflow, checkqc, bcl2fastq, bclconvert, interop, ivar, flash, seqyclean, optitype, whatshap, spaceranger, xenome, xengsort, metaphlan, seqwho
[2024-09-25 16:30:45,993] multiqc                                            [DEBUG  ]  Using temporary directory for creating report: /tmp/tmptjw2jyo8
[2024-09-25 16:30:45,995] multiqc                                            [INFO   ]  Search path : /wynton/group/clelland/pacvar/nf-core-pacvar/work/62/8eabdd0400523f6b4a0a63168d65bd
[2024-09-25 16:30:47,302] multiqc                                            [DEBUG  ]  Summary of files that were skipped by the search: [skipped_no_match: 8] // [skipped_module_specific_max_filesize: 6]
[2024-09-25 16:30:47,365] multiqc.modules.custom_content.custom_content      [INFO   ]  nf-core-pacvar-methods-description: Found 1 sample (html)
[2024-09-25 16:30:47,366] multiqc.modules.custom_content.custom_content      [INFO   ]  nf-core-pacvar-summary: Found 1 sample (html)
[2024-09-25 16:30:47,366] multiqc.utils.software_versions                    [DEBUG  ]  Reading software versions from config.software_versions
[2024-09-25 16:30:47,367] multiqc.utils.software_versions                    [DEBUG  ]  Reading software versions settings from: 1/nf_core_pipeline_software_mqc_versions.yml
[2024-09-25 16:30:47,369] multiqc.utils.util_functions                       [DEBUG  ]  Wrote data file multiqc_software_versions.txt
[2024-09-25 16:30:47,369] multiqc                                            [DEBUG  ]  Reordering sections: anchor 'software_versions' not found.
[2024-09-25 16:30:47,369] multiqc                                            [DEBUG  ]  Reordering sections: anchor 'nf-core-pacvar-methods-description' not found for module 'Software Versions'.
[2024-09-25 16:30:47,370] multiqc                                            [DEBUG  ]  Reordering sections: anchor 'software_versions' not found for module 'Software Versions'.
[2024-09-25 16:30:47,370] multiqc                                            [DEBUG  ]  Reordering sections: anchor 'nf-core-pacvar-summary' not found for module 'Software Versions'.
[2024-09-25 16:30:47,370] multiqc                                            [DEBUG  ]  Reordering sections: anchor 'nf-core-pacvar-methods-description' not found for module 'nf-core/pacvar Methods Description'.
[2024-09-25 16:30:47,370] multiqc                                            [DEBUG  ]  Reordering sections: anchor 'software_versions' not found for module 'nf-core/pacvar Methods Description'.
[2024-09-25 16:30:47,370] multiqc                                            [DEBUG  ]  Reordering sections: anchor 'nf-core-pacvar-summary' not found for module 'nf-core/pacvar Methods Description'.
[2024-09-25 16:30:47,370] multiqc                                            [DEBUG  ]  Reordering sections: anchor 'nf-core-pacvar-methods-description' not found for module 'nf-core/pacvar Workflow Summary'.
[2024-09-25 16:30:47,370] multiqc                                            [DEBUG  ]  Reordering sections: anchor 'software_versions' not found for module 'nf-core/pacvar Workflow Summary'.
[2024-09-25 16:30:47,370] multiqc                                            [DEBUG  ]  Reordering sections: anchor 'nf-core-pacvar-summary' not found for module 'nf-core/pacvar Workflow Summary'.
[2024-09-25 16:30:47,370] multiqc                                            [DEBUG  ]  Compressing plot data
[2024-09-25 16:30:47,371] multiqc.utils.util_functions                       [DEBUG  ]  Wrote data file multiqc_data.json
[2024-09-25 16:30:47,372] multiqc                                            [INFO   ]  Report      : multiqc_report.html
[2024-09-25 16:30:47,372] multiqc                                            [INFO   ]  Data        : multiqc_data
[2024-09-25 16:30:47,373] multiqc                                            [DEBUG  ]  Moving data file from '/tmp/tmptjw2jyo8/multiqc_data' to '/wynton/group/clelland/pacvar/nf-core-pacvar/work/62/8eabdd0400523f6b4a0a63168d65bd/multiqc_data'
[2024-09-25 16:30:47,420] multiqc                                            [DEBUG  ]  Full report path: /wynton/group/clelland/pacvar/nf-core-pacvar/work/62/8eabdd0400523f6b4a0a63168d65bd/multiqc_report.html
[2024-09-25 16:30:47,420] multiqc                                            [INFO   ]  Plots       : multiqc_plots
[2024-09-25 16:30:47,420] multiqc                                            [DEBUG  ]  Moving plots directory from '/tmp/tmptjw2jyo8/multiqc_plots' to '/wynton/group/clelland/pacvar/nf-core-pacvar/work/62/8eabdd0400523f6b4a0a63168d65bd/multiqc_plots'
[2024-09-25 16:30:47,598] multiqc                                            [INFO   ]  MultiQC complete
